<?xml version="1.0" encoding="UTF-8"?>
<!-- Generated by org.testng.reporters.JUnitReportReporter -->
<testsuite skipped="0" hostname="apples-MacBook-Air.local" name="main.RegisterPage" tests="1" failures="0" timestamp="2022-05-19T23:29:09 IST" time="22.004" errors="0">
  <testcase name="verifySignUp" time="22.004" classname="main.RegisterPage"/>
  <system-out/>
</testsuite> <!-- main.RegisterPage -->
